# JRE version: Java(TM) SE Runtime Environment (8.0_221-b11) (build 1.8.0_221-b11)
# Java VM: Java HotSpot(TM) 64-Bit Server VM (25.221-b11 mixed mode windows-amd64 compressed oops)
Heap:
 PSYoungGen      total 75776K, used 17929K [0x000000076ba00000, 0x0000000772200000, 0x00000007c0000000)
  eden space 65024K, 11% used [0x000000076ba00000,0x000000076c157b80,0x000000076f980000)
  from space 10752K, 96% used [0x000000076f980000,0x00000007703aa9d0,0x0000000770400000)
  to   space 10752K, 0% used [0x0000000771780000,0x0000000771780000,0x0000000772200000)
 ParOldGen       total 121856K, used 12737K [0x00000006c2e00000, 0x00000006ca500000, 0x000000076ba00000)
  object space 121856K, 10% used [0x00000006c2e00000,0x00000006c3a706b0,0x00000006ca500000)
 Metaspace       used 27073K, capacity 28307K, committed 28416K, reserved 1073152K
  class space    used 3282K, capacity 3803K, committed 3840K, reserved 1048576K
GC Heap History (8 events):
Event: 1.566 GC heap before
{Heap before GC invocations=1 (full 0):
 PSYoungGen      total 75776K, used 65024K [0x000000076ba00000, 0x0000000770e80000, 0x00000007c0000000)
  eden space 65024K, 100% used [0x000000076ba00000,0x000000076f980000,0x000000076f980000)
  from space 10752K, 0% used [0x0000000770400000,0x0000000770400000,0x0000000770e80000)
  to   space 10752K, 0% used [0x000000076f980000,0x000000076f980000,0x0000000770400000)
 ParOldGen       total 173568K, used 0K [0x00000006c2e00000, 0x00000006cd780000, 0x000000076ba00000)
  object space 173568K, 0% used [0x00000006c2e00000,0x00000006c2e00000,0x00000006cd780000)
 Metaspace       used 15738K, capacity 15810K, committed 15872K, reserved 1062912K
  class space    used 1720K, capacity 1733K, committed 1792K, reserved 1048576K
Event: 1.576 GC heap after
Heap after GC invocations=1 (full 0):
 PSYoungGen      total 75776K, used 10724K [0x000000076ba00000, 0x0000000770e80000, 0x00000007c0000000)
  eden space 65024K, 0% used [0x000000076ba00000,0x000000076ba00000,0x000000076f980000)
  from space 10752K, 99% used [0x000000076f980000,0x00000007703f9000,0x0000000770400000)
  to   space 10752K, 0% used [0x0000000770400000,0x0000000770400000,0x0000000770e80000)
 ParOldGen       total 173568K, used 1624K [0x00000006c2e00000, 0x00000006cd780000, 0x000000076ba00000)
  object space 173568K, 0% used [0x00000006c2e00000,0x00000006c2f96258,0x00000006cd780000)
 Metaspace       used 15738K, capacity 15810K, committed 15872K, reserved 1062912K
  class space    used 1720K, capacity 1733K, committed 1792K, reserved 1048576K
}
Event: 2.465 GC heap before
{Heap before GC invocations=2 (full 0):
 PSYoungGen      total 75776K, used 54463K [0x000000076ba00000, 0x0000000770e80000, 0x00000007c0000000)
  eden space 65024K, 67% used [0x000000076ba00000,0x000000076e4b6d98,0x000000076f980000)
  from space 10752K, 99% used [0x000000076f980000,0x00000007703f9000,0x0000000770400000)
  to   space 10752K, 0% used [0x0000000770400000,0x0000000770400000,0x0000000770e80000)
 ParOldGen       total 173568K, used 1624K [0x00000006c2e00000, 0x00000006cd780000, 0x000000076ba00000)
  object space 173568K, 0% used [0x00000006c2e00000,0x00000006c2f96258,0x00000006cd780000)
 Metaspace       used 20571K, capacity 21187K, committed 21296K, reserved 1069056K
  class space    used 2430K, capacity 2688K, committed 2688K, reserved 1048576K
Event: 2.474 GC heap after
Heap after GC invocations=2 (full 0):
 PSYoungGen      total 75776K, used 10752K [0x000000076ba00000, 0x0000000770e80000, 0x00000007c0000000)
  eden space 65024K, 0% used [0x000000076ba00000,0x000000076ba00000,0x000000076f980000)
  from space 10752K, 100% used [0x0000000770400000,0x0000000770e80000,0x0000000770e80000)
  to   space 10752K, 0% used [0x000000076f980000,0x000000076f980000,0x0000000770400000)
 ParOldGen       total 173568K, used 3765K [0x00000006c2e00000, 0x00000006cd780000, 0x000000076ba00000)
  object space 173568K, 2% used [0x00000006c2e00000,0x00000006c31ad6d0,0x00000006cd780000)
 Metaspace       used 20571K, capacity 21187K, committed 21296K, reserved 1069056K
  class space    used 2430K, capacity 2688K, committed 2688K, reserved 1048576K
}
Event: 2.474 GC heap before
{Heap before GC invocations=3 (full 1):
 PSYoungGen      total 75776K, used 10752K [0x000000076ba00000, 0x0000000770e80000, 0x00000007c0000000)
  eden space 65024K, 0% used [0x000000076ba00000,0x000000076ba00000,0x000000076f980000)
  from space 10752K, 100% used [0x0000000770400000,0x0000000770e80000,0x0000000770e80000)
  to   space 10752K, 0% used [0x000000076f980000,0x000000076f980000,0x0000000770400000)
 ParOldGen       total 173568K, used 3765K [0x00000006c2e00000, 0x00000006cd780000, 0x000000076ba00000)
  object space 173568K, 2% used [0x00000006c2e00000,0x00000006c31ad6d0,0x00000006cd780000)
 Metaspace       used 20571K, capacity 21187K, committed 21296K, reserved 1069056K
  class space    used 2430K, capacity 2688K, committed 2688K, reserved 1048576K
Event: 2.509 GC heap after
Heap after GC invocations=3 (full 1):
 PSYoungGen      total 75776K, used 0K [0x000000076ba00000, 0x0000000770e80000, 0x00000007c0000000)
  eden space 65024K, 0% used [0x000000076ba00000,0x000000076ba00000,0x000000076f980000)
  from space 10752K, 0% used [0x0000000770400000,0x0000000770400000,0x0000000770e80000)
  to   space 10752K, 0% used [0x000000076f980000,0x000000076f980000,0x0000000770400000)
 ParOldGen       total 121856K, used 12729K [0x00000006c2e00000, 0x00000006ca500000, 0x000000076ba00000)
  object space 121856K, 10% used [0x00000006c2e00000,0x00000006c3a6e6b0,0x00000006ca500000)
 Metaspace       used 20571K, capacity 21187K, committed 21296K, reserved 1069056K
  class space    used 2430K, capacity 2688K, committed 2688K, reserved 1048576K
}
Event: 5.184 GC heap before
{Heap before GC invocations=4 (full 1):
 PSYoungGen      total 75776K, used 65024K [0x000000076ba00000, 0x0000000770e80000, 0x00000007c0000000)
  eden space 65024K, 100% used [0x000000076ba00000,0x000000076f980000,0x000000076f980000)
  from space 10752K, 0% used [0x0000000770400000,0x0000000770400000,0x0000000770e80000)
  to   space 10752K, 0% used [0x000000076f980000,0x000000076f980000,0x0000000770400000)
 ParOldGen       total 121856K, used 12729K [0x00000006c2e00000, 0x00000006ca500000, 0x000000076ba00000)
  object space 121856K, 10% used [0x00000006c2e00000,0x00000006c3a6e6b0,0x00000006ca500000)
 Metaspace       used 26726K, capacity 27951K, committed 28160K, reserved 1073152K
  class space    used 3263K, capacity 3746K, committed 3840K, reserved 1048576K
Event: 5.190 GC heap after
Heap after GC invocations=4 (full 1):
 PSYoungGen      total 75776K, used 10410K [0x000000076ba00000, 0x0000000772200000, 0x00000007c0000000)
  eden space 65024K, 0% used [0x000000076ba00000,0x000000076ba00000,0x000000076f980000)
  from space 10752K, 96% used [0x000000076f980000,0x00000007703aa9d0,0x0000000770400000)
  to   space 10752K, 0% used [0x0000000771780000,0x0000000771780000,0x0000000772200000)
 ParOldGen       total 121856K, used 12737K [0x00000006c2e00000, 0x00000006ca500000, 0x000000076ba00000)
  object space 121856K, 10% used [0x00000006c2e00000,0x00000006c3a706b0,0x00000006ca500000)
 Metaspace       used 26726K, capacity 27951K, committed 28160K, reserved 1073152K
  class space    used 3263K, capacity 3746K, committed 3840K, reserved 1048576K
}

